<?xml version="1.0" encoding="UTF-8"?>
<!-- Generated by org.testng.reporters.JUnitReportReporter -->
<testsuite hostname="DESKTOP-SEE9OFQ" failures="0" tests="1" name="com.tripgain.testscripts.TC_90_BusinessClass_VerifySearchFlightsForOneStop" time="34.945" errors="0" timestamp="2025-04-21T10:00:59 IST" skipped="0">
  <testcase classname="com.tripgain.testscripts.TC_90_BusinessClass_VerifySearchFlightsForOneStop" name="myTest" time="34.945"/>
</testsuite> <!-- com.tripgain.testscripts.TC_90_BusinessClass_VerifySearchFlightsForOneStop -->
