<?xml version="1.0" encoding="UTF-8"?>
<!-- Generated by org.testng.reporters.JUnitReportReporter -->
<testsuite hostname="DESKTOP-SEE9OFQ" failures="0" tests="1" name="com.tripgain.testscripts.TC_72_BusinessClass_VerifyClearFilterFunctionalityAfterApplyingPriceFilter" time="35.637" errors="0" timestamp="2025-04-21T16:43:42 IST" skipped="0">
  <testcase classname="com.tripgain.testscripts.TC_72_BusinessClass_VerifyClearFilterFunctionalityAfterApplyingPriceFilter" name="myTest" time="35.637"/>
</testsuite> <!-- com.tripgain.testscripts.TC_72_BusinessClass_VerifyClearFilterFunctionalityAfterApplyingPriceFilter -->
