<?xml version="1.0" encoding="UTF-8"?>
<!-- Generated by org.testng.reporters.JUnitReportReporter -->
<testsuite hostname="DESKTOP-SEE9OFQ" failures="0" tests="1" name="com.tripgain.testscripts.TC_88_BusinessClass_VerifyRefundableAndNonRefundableFareFlightsOnResultScreen" time="63.625" errors="0" timestamp="2025-04-23T16:05:30 IST" skipped="0">
  <testcase classname="com.tripgain.testscripts.TC_88_BusinessClass_VerifyRefundableAndNonRefundableFareFlightsOnResultScreen" name="myTest" time="63.625"/>
</testsuite> <!-- com.tripgain.testscripts.TC_88_BusinessClass_VerifyRefundableAndNonRefundableFareFlightsOnResultScreen -->
