<?xml version="1.0" encoding="UTF-8"?>
<!-- Generated by org.testng.reporters.JUnitReportReporter -->
<testsuite hostname="DESKTOP-SEE9OFQ" failures="0" tests="1" name="com.tripgain.testscripts.TC_72_BusinessClass_VerifyUserAbleToSelectCurrencyCodeAtCurrencyDropdown" time="43.998" errors="0" timestamp="2025-04-24T10:58:55 IST" skipped="0">
  <testcase classname="com.tripgain.testscripts.TC_72_BusinessClass_VerifyUserAbleToSelectCurrencyCodeAtCurrencyDropdown" name="myTest" time="43.998"/>
</testsuite> <!-- com.tripgain.testscripts.TC_72_BusinessClass_VerifyUserAbleToSelectCurrencyCodeAtCurrencyDropdown -->
