<?xml version="1.0" encoding="UTF-8"?>
<!-- Generated by org.testng.reporters.JUnitReportReporter -->
<testsuite hostname="DESKTOP-GQU24M3" failures="0" tests="1" name="com.tripgain.busestestscripts.TCB_02_VerifySearchFunctionalityForBusesForFiveDays" time="76.434" errors="0" timestamp="2025-07-11T15:18:50 IST" skipped="0">
  <testcase classname="com.tripgain.busestestscripts.TCB_02_VerifySearchFunctionalityForBusesForFiveDays" name="myTest" time="76.434"/>
</testsuite> <!-- com.tripgain.busestestscripts.TCB_02_VerifySearchFunctionalityForBusesForFiveDays -->
