<?xml version="1.0" encoding="UTF-8"?>
<!-- Generated by org.testng.reporters.JUnitReportReporter -->
<testsuite hostname="DESKTOP-SEE9OFQ" failures="0" tests="1" name="com.tripgain.testscripts.TC_107_BusinessClass_VerifyFlightsSearchForLocal" time="24.544" errors="0" timestamp="2025-04-22T12:13:54 IST" skipped="0">
  <testcase classname="com.tripgain.testscripts.TC_107_BusinessClass_VerifyFlightsSearchForLocal" name="myTest" time="24.544"/>
</testsuite> <!-- com.tripgain.testscripts.TC_107_BusinessClass_VerifyFlightsSearchForLocal -->
