<?xml version="1.0" encoding="UTF-8"?>
<!-- Generated by org.testng.reporters.JUnitReportReporter -->
<testsuite hostname="DESKTOP-SEE9OFQ" failures="0" tests="1" name="com.tripgain.testscripts.TC_71_BusinessClass_VerifyDefaultCurrencySelectedInResultScreen" time="33.538" errors="0" timestamp="2025-04-25T16:11:31 IST" skipped="0">
  <testcase classname="com.tripgain.testscripts.TC_71_BusinessClass_VerifyDefaultCurrencySelectedInResultScreen" name="myTest" time="33.538"/>
</testsuite> <!-- com.tripgain.testscripts.TC_71_BusinessClass_VerifyDefaultCurrencySelectedInResultScreen -->
