<?xml version="1.0" encoding="UTF-8"?>
<!-- Generated by org.testng.reporters.JUnitReportReporter -->
<testsuite hostname="DESKTOP-SEE9OFQ" failures="0" tests="1" name="com.tripgain.testscripts.TC_97_BusinessClass_VerifyUserAbleToBookFlights" time="48.282" errors="0" timestamp="2025-04-25T11:18:33 IST" skipped="0">
  <testcase classname="com.tripgain.testscripts.TC_97_BusinessClass_VerifyUserAbleToBookFlights" name="myTest" time="48.282"/>
</testsuite> <!-- com.tripgain.testscripts.TC_97_BusinessClass_VerifyUserAbleToBookFlights -->
