<?xml version="1.0" encoding="UTF-8"?>
<!-- Generated by org.testng.reporters.JUnitReportReporter -->
<testsuite hostname="DESKTOP-SEE9OFQ" failures="0" tests="1" name="com.tripgain.testscripts.TC_69_BusinessClass_VerifySortFunctionalityForArrivalTimeOnHomePage" time="40.243" errors="0" timestamp="2025-04-25T16:11:31 IST" skipped="0">
  <testcase classname="com.tripgain.testscripts.TC_69_BusinessClass_VerifySortFunctionalityForArrivalTimeOnHomePage" name="myTest" time="40.243"/>
</testsuite> <!-- com.tripgain.testscripts.TC_69_BusinessClass_VerifySortFunctionalityForArrivalTimeOnHomePage -->
