<?xml version="1.0" encoding="UTF-8"?>
<!-- Generated by org.testng.reporters.JUnitReportReporter -->
<testsuite hostname="DESKTOP-SEE9OFQ" failures="0" tests="1" name="com.tripgain.testscripts.TC_92_BusinessClass_VerifySearchFlightsForOnwardDepartTimeZeroToSixSelection" time="32.645" errors="0" timestamp="2025-04-18T16:56:00 IST" skipped="0">
  <testcase classname="com.tripgain.testscripts.TC_92_BusinessClass_VerifySearchFlightsForOnwardDepartTimeZeroToSixSelection" name="myTest" time="32.645"/>
</testsuite> <!-- com.tripgain.testscripts.TC_92_BusinessClass_VerifySearchFlightsForOnwardDepartTimeZeroToSixSelection -->
