<?xml version="1.0" encoding="UTF-8"?>
<!-- Generated by org.testng.reporters.JUnitReportReporter -->
<testsuite hostname="DESKTOP-SEE9OFQ" failures="0" tests="1" name="com.tripgain.testscripts.TC_02_TripgainLoginAndLogOut" time="12.835" errors="0" timestamp="2025-04-15T10:34:10 IST" skipped="0">
  <testcase classname="com.tripgain.testscripts.TC_02_TripgainLoginAndLogOut" name="myTest" time="12.835"/>
</testsuite> <!-- com.tripgain.testscripts.TC_02_TripgainLoginAndLogOut -->
