<?xml version="1.0" encoding="UTF-8"?>
<!-- Generated by org.testng.reporters.JUnitReportReporter -->
<testsuite hostname="DESKTOP-SEE9OFQ" failures="0" tests="1" name="com.tripgain.testscripts.TC_97_BusinessClass_VerifyUserAbleToSelectParticularAirlineOnResultScreen" time="30.007" errors="0" timestamp="2025-04-21T17:42:14 IST" skipped="0">
  <testcase classname="com.tripgain.testscripts.TC_97_BusinessClass_VerifyUserAbleToSelectParticularAirlineOnResultScreen" name="myTest" time="30.007"/>
</testsuite> <!-- com.tripgain.testscripts.TC_97_BusinessClass_VerifyUserAbleToSelectParticularAirlineOnResultScreen -->
