<?xml version="1.0" encoding="UTF-8"?>
<!-- Generated by org.testng.reporters.JUnitReportReporter -->
<testsuite hostname="DESKTOP-SEE9OFQ" failures="0" tests="1" name="com.tripgain.testscripts.TC_71_BusinessClass_VerifyUserAbleToSlideMaximumPriceRangeSlideBar" time="31.218" errors="0" timestamp="2025-04-22T13:08:37 IST" skipped="0">
  <testcase classname="com.tripgain.testscripts.TC_71_BusinessClass_VerifyUserAbleToSlideMaximumPriceRangeSlideBar" name="myTest" time="31.218"/>
</testsuite> <!-- com.tripgain.testscripts.TC_71_BusinessClass_VerifyUserAbleToSlideMaximumPriceRangeSlideBar -->
