<?xml version="1.0" encoding="UTF-8"?>
<!-- Generated by org.testng.reporters.JUnitReportReporter -->
<testsuite hostname="DESKTOP-SEE9OFQ" failures="0" tests="1" name="com.tripgain.testscripts.TC_101_BusinessClass_VerifyCheckAndUnCheckSMECheckBoxFunctionalityOnResultScreen" time="57.228" errors="0" timestamp="2025-04-22T11:42:44 IST" skipped="0">
  <testcase classname="com.tripgain.testscripts.TC_101_BusinessClass_VerifyCheckAndUnCheckSMECheckBoxFunctionalityOnResultScreen" name="myTest" time="57.228"/>
</testsuite> <!-- com.tripgain.testscripts.TC_101_BusinessClass_VerifyCheckAndUnCheckSMECheckBoxFunctionalityOnResultScreen -->
