<?xml version="1.0" encoding="UTF-8"?>
<!-- Generated by org.testng.reporters.JUnitReportReporter -->
<testsuite hostname="DESKTOP-SEE9OFQ" failures="0" tests="1" name="com.tripgain.testscripts.TC_54_BusinessClass_VerifySearchFunctionalityForOneWay" time="35.850" errors="0" timestamp="2025-06-26T23:53:52 IST" skipped="0">
  <testcase classname="com.tripgain.testscripts.TC_54_BusinessClass_VerifySearchFunctionalityForOneWay" name="myTest" time="35.850"/>
</testsuite> <!-- com.tripgain.testscripts.TC_54_BusinessClass_VerifySearchFunctionalityForOneWay -->
