<?xml version="1.0" encoding="UTF-8"?>
<!-- Generated by org.testng.reporters.JUnitReportReporter -->
<testsuite hostname="DESKTOP-SEE9OFQ" failures="0" tests="1" name="com.tripgain.testscripts.TC_86_BusinessClass_VerifyCheckInBaggageFunctionalityByUnCheck" time="45.975" errors="0" timestamp="2025-04-21T16:25:47 IST" skipped="0">
  <testcase classname="com.tripgain.testscripts.TC_86_BusinessClass_VerifyCheckInBaggageFunctionalityByUnCheck" name="myTest" time="45.975"/>
</testsuite> <!-- com.tripgain.testscripts.TC_86_BusinessClass_VerifyCheckInBaggageFunctionalityByUnCheck -->
