<?xml version="1.0" encoding="UTF-8"?>
<!-- Generated by org.testng.reporters.JUnitReportReporter -->
<testsuite hostname="DESKTOP-SEE9OFQ" failures="0" tests="1" name="com.tripgain.testscripts.TC_100_BusinessClass_VerifyCheckSMECheckBoxFunctionalityOnResultScreen" time="44.599" errors="0" timestamp="2025-04-22T11:35:51 IST" skipped="0">
  <testcase classname="com.tripgain.testscripts.TC_100_BusinessClass_VerifyCheckSMECheckBoxFunctionalityOnResultScreen" name="myTest" time="44.599"/>
</testsuite> <!-- com.tripgain.testscripts.TC_100_BusinessClass_VerifyCheckSMECheckBoxFunctionalityOnResultScreen -->
