<?xml version="1.0" encoding="UTF-8"?>
<!-- Generated by org.testng.reporters.JUnitReportReporter -->
<testsuite hostname="DESKTOP-GQU24M3" failures="0" tests="1" name="com.tripgain.busestestscripts.TCB_01_VerifyearchFunctionalityForBuses" time="86.797" errors="0" timestamp="2025-07-10T12:04:06 IST" skipped="0">
  <testcase classname="com.tripgain.busestestscripts.TCB_01_VerifyearchFunctionalityForBuses" name="myTest" time="86.797"/>
</testsuite> <!-- com.tripgain.busestestscripts.TCB_01_VerifyearchFunctionalityForBuses -->
