<?xml version="1.0" encoding="UTF-8"?>
<!-- Generated by org.testng.reporters.JUnitReportReporter -->
<testsuite hostname="DESKTOP-SEE9OFQ" failures="0" tests="1" name="com.tripgain.testscripts.TC_109_BusinessClass_VerifyFlightsSearchForInternational" time="31.275" errors="0" timestamp="2025-04-22T13:38:32 IST" skipped="0">
  <testcase classname="com.tripgain.testscripts.TC_109_BusinessClass_VerifyFlightsSearchForInternational" name="myTest" time="31.275"/>
</testsuite> <!-- com.tripgain.testscripts.TC_109_BusinessClass_VerifyFlightsSearchForInternational -->
