<?xml version="1.0" encoding="UTF-8"?>
<!-- Generated by org.testng.reporters.JUnitReportReporter -->
<testsuite hostname="DESKTOP-GQU24M3" failures="0" tests="4" name="com.tripgain.roundtriptestscripts.TCRT_03_VerifySearchFunctionalityForRoundTripForInternationalFiveDays" time="453.965" errors="0" timestamp="2025-07-14T12:43:14 IST" skipped="0">
  <testcase classname="com.tripgain.roundtriptestscripts.TCRT_03_VerifySearchFunctionalityForRoundTripForInternationalFiveDays" name="myTest" time="112.132"/>
  <testcase classname="com.tripgain.roundtriptestscripts.TCRT_03_VerifySearchFunctionalityForRoundTripForInternationalFiveDays" name="myTest" time="107.377"/>
  <testcase classname="com.tripgain.roundtriptestscripts.TCRT_03_VerifySearchFunctionalityForRoundTripForInternationalFiveDays" name="myTest" time="130.185"/>
  <testcase classname="com.tripgain.roundtriptestscripts.TCRT_03_VerifySearchFunctionalityForRoundTripForInternationalFiveDays" name="myTest" time="104.271"/>
</testsuite> <!-- com.tripgain.roundtriptestscripts.TCRT_03_VerifySearchFunctionalityForRoundTripForInternationalFiveDays -->
