<?xml version="1.0" encoding="UTF-8"?>
<!-- Generated by org.testng.reporters.JUnitReportReporter -->
<testsuite hostname="DESKTOP-GQU24M3" failures="0" tests="1" name="com.tripgain.busestestscripts.TCB_01_VerifySearchFunctionalityForBusesForTwoDays" time="84.811" errors="0" timestamp="2025-07-11T15:18:50 IST" skipped="0">
  <testcase classname="com.tripgain.busestestscripts.TCB_01_VerifySearchFunctionalityForBusesForTwoDays" name="myTest" time="84.811"/>
</testsuite> <!-- com.tripgain.busestestscripts.TCB_01_VerifySearchFunctionalityForBusesForTwoDays -->
