<?xml version="1.0" encoding="UTF-8"?>
<!-- Generated by org.testng.reporters.JUnitReportReporter -->
<testsuite hostname="DESKTOP-SEE9OFQ" failures="0" tests="1" name="com.tripgain.testscripts.TC_85_BusinessClass_VerifyCheckInBaggageFunctionality" time="39.504" errors="0" timestamp="2025-04-21T15:38:12 IST" skipped="0">
  <testcase classname="com.tripgain.testscripts.TC_85_BusinessClass_VerifyCheckInBaggageFunctionality" name="myTest" time="39.504"/>
</testsuite> <!-- com.tripgain.testscripts.TC_85_BusinessClass_VerifyCheckInBaggageFunctionality -->
