<?xml version="1.0" encoding="UTF-8"?>
<!-- Generated by org.testng.reporters.JUnitReportReporter -->
<testsuite hostname="DESKTOP-SEE9OFQ" failures="0" tests="1" name="com.tripgain.testscripts.TC_102_BusinessClass_VerifyPolicyFilterFunctionalityOnResultScreen" time="15.711" errors="0" timestamp="2025-04-22T11:55:30 IST" skipped="0">
  <testcase classname="com.tripgain.testscripts.TC_102_BusinessClass_VerifyPolicyFilterFunctionalityOnResultScreen" name="myTest" time="15.711"/>
</testsuite> <!-- com.tripgain.testscripts.TC_102_BusinessClass_VerifyPolicyFilterFunctionalityOnResultScreen -->
