<?xml version="1.0" encoding="UTF-8"?>
<!-- Generated by org.testng.reporters.JUnitReportReporter -->
<testsuite hostname="DESKTOP-SEE9OFQ" failures="0" tests="1" name="com.tripgain.testscripts.TC_108_BusinessClass_VerifyFlightsSearchForLocalToInternational" time="30.404" errors="0" timestamp="2025-04-22T13:30:59 IST" skipped="0">
  <testcase classname="com.tripgain.testscripts.TC_108_BusinessClass_VerifyFlightsSearchForLocalToInternational" name="myTest" time="30.404"/>
</testsuite> <!-- com.tripgain.testscripts.TC_108_BusinessClass_VerifyFlightsSearchForLocalToInternational -->
