<?xml version="1.0" encoding="UTF-8"?>
<!-- Generated by org.testng.reporters.JUnitReportReporter -->
<testsuite hostname="DESKTOP-SEE9OFQ" failures="0" tests="1" name="com.tripgain.hotaltestscripts.TCH_05_VerifyHotelsPriceLowToHigh" time="71.212" errors="0" timestamp="2025-07-18T11:36:54 IST" skipped="0">
  <testcase classname="com.tripgain.hotaltestscripts.TCH_05_VerifyHotelsPriceLowToHigh" name="myTest" time="71.212"/>
</testsuite> <!-- com.tripgain.hotaltestscripts.TCH_05_VerifyHotelsPriceLowToHigh -->
