<?xml version="1.0" encoding="UTF-8"?>
<!-- Generated by org.testng.reporters.JUnitReportReporter -->
<testsuite hostname="DESKTOP-SEE9OFQ" failures="0" tests="1" name="com.tripgain.testscripts.TC_73_BusinessClass_VerifySortFunctionalityForAirlineOnHomePage" time="36.895" errors="0" timestamp="2025-04-18T16:56:00 IST" skipped="0">
  <testcase classname="com.tripgain.testscripts.TC_73_BusinessClass_VerifySortFunctionalityForAirlineOnHomePage" name="myTest" time="36.895"/>
</testsuite> <!-- com.tripgain.testscripts.TC_73_BusinessClass_VerifySortFunctionalityForAirlineOnHomePage -->
