<?xml version="1.0" encoding="UTF-8"?>
<!-- Generated by org.testng.reporters.JUnitReportReporter -->
<testsuite hostname="DESKTOP-SEE9OFQ" failures="0" tests="1" name="com.tripgain.hotaltestscripts.TCH_05_VerifyHotelsAscendingFilter" time="59.471" errors="0" timestamp="2025-07-17T18:46:48 IST" skipped="0">
  <testcase classname="com.tripgain.hotaltestscripts.TCH_05_VerifyHotelsAscendingFilter" name="myTest" time="59.471"/>
</testsuite> <!-- com.tripgain.hotaltestscripts.TCH_05_VerifyHotelsAscendingFilter -->
