<?xml version="1.0" encoding="UTF-8"?>
<!-- Generated by org.testng.reporters.JUnitReportReporter -->
<testsuite hostname="DESKTOP-GQU24M3" failures="1" tests="16" name="com.tripgain.hotaltestscripts.TCH_02_VerifySearchFunctionalityForHotelsForTwoDays" time="1537.727" errors="0" timestamp="2025-07-09T11:59:28 IST" skipped="0">
  <testcase classname="com.tripgain.hotaltestscripts.TCH_02_VerifySearchFunctionalityForHotelsForTwoDays" name="myTest" time="87.731"/>
  <testcase classname="com.tripgain.hotaltestscripts.TCH_02_VerifySearchFunctionalityForHotelsForTwoDays" name="myTest" time="88.154"/>
  <testcase classname="com.tripgain.hotaltestscripts.TCH_02_VerifySearchFunctionalityForHotelsForTwoDays" name="myTest" time="83.551"/>
  <testcase classname="com.tripgain.hotaltestscripts.TCH_02_VerifySearchFunctionalityForHotelsForTwoDays" name="myTest" time="94.759"/>
  <testcase classname="com.tripgain.hotaltestscripts.TCH_02_VerifySearchFunctionalityForHotelsForTwoDays" name="myTest" time="87.978"/>
  <testcase classname="com.tripgain.hotaltestscripts.TCH_02_VerifySearchFunctionalityForHotelsForTwoDays" name="myTest" time="87.604"/>
  <testcase classname="com.tripgain.hotaltestscripts.TCH_02_VerifySearchFunctionalityForHotelsForTwoDays" name="myTest" time="96.893"/>
  <testcase classname="com.tripgain.hotaltestscripts.TCH_02_VerifySearchFunctionalityForHotelsForTwoDays" name="myTest" time="90.754"/>
  <testcase classname="com.tripgain.hotaltestscripts.TCH_02_VerifySearchFunctionalityForHotelsForTwoDays" name="myTest" time="178.010">
    <failure message="Review Your Booking Page is Not Displayed: Expected condition failed: waiting for visibility of element located by By.xpath: //h6[contains(normalize-space(.), &#039;Review Your Booking&#039;)] (tried for 75 second(s) with 500 milliseconds interval)
Build info: version: &#039;4.29.0&#039;, revision: &#039;5fc1ec94cb&#039;
System info: os.name: &#039;Windows 11&#039;, os.arch: &#039;amd64&#039;, os.version: &#039;10.0&#039;, java.version: &#039;23.0.2&#039;
Driver info: org.openqa.selenium.chrome.ChromeDriver
Capabilities {acceptInsecureCerts: false, browserName: chrome, browserVersion: 138.0.7204.97, chrome: {chromedriverVersion: 138.0.7204.94 (545025748884..., userDataDir: C:\Users\HP\AppData\Local\T...}, fedcm:accounts: true, goog:chromeOptions: {debuggerAddress: localhost:56747}, networkConnectionEnabled: false, pageLoadStrategy: normal, platformName: windows, proxy: Proxy(), se:cdp: ws://localhost:56747/devtoo..., se:cdpVersion: 138.0.7204.97, setWindowRect: true, strictFileInteractability: false, timeouts: {implicit: 0, pageLoad: 300000, script: 30000}, unhandledPromptBehavior: dismiss and notify, webauthn:extension:credBlob: true, webauthn:extension:largeBlob: true, webauthn:extension:minPinLength: true, webauthn:extension:prf: true, webauthn:virtualAuthenticators: true}
Session ID: 420a2fe1ea66fefb28aae07b29dd4bf4" type="java.lang.AssertionError">
      <![CDATA[java.lang.AssertionError: Review Your Booking Page is Not Displayed: Expected condition failed: waiting for visibility of element located by By.xpath: //h6[contains(normalize-space(.), 'Review Your Booking')] (tried for 75 second(s) with 500 milliseconds interval)
Build info: version: '4.29.0', revision: '5fc1ec94cb'
System info: os.name: 'Windows 11', os.arch: 'amd64', os.version: '10.0', java.version: '23.0.2'
Driver info: org.openqa.selenium.chrome.ChromeDriver
Capabilities {acceptInsecureCerts: false, browserName: chrome, browserVersion: 138.0.7204.97, chrome: {chromedriverVersion: 138.0.7204.94 (545025748884..., userDataDir: C:\Users\HP\AppData\Local\T...}, fedcm:accounts: true, goog:chromeOptions: {debuggerAddress: localhost:56747}, networkConnectionEnabled: false, pageLoadStrategy: normal, platformName: windows, proxy: Proxy(), se:cdp: ws://localhost:56747/devtoo..., se:cdpVersion: 138.0.7204.97, setWindowRect: true, strictFileInteractability: false, timeouts: {implicit: 0, pageLoad: 300000, script: 30000}, unhandledPromptBehavior: dismiss and notify, webauthn:extension:credBlob: true, webauthn:extension:largeBlob: true, webauthn:extension:minPinLength: true, webauthn:extension:prf: true, webauthn:virtualAuthenticators: true}
Session ID: 420a2fe1ea66fefb28aae07b29dd4bf4
at org.testng.Assert.fail(Assert.java:111)
at com.tripgain.collectionofpages.HotelsPage.validateReviewYourBookingText(HotelsPage.java:415)
at com.tripgain.hotaltestscripts.TCH_02_VerifySearchFunctionalityForHotelsForTwoDays.myTest(TCH_02_VerifySearchFunctionalityForHotelsForTwoDays.java:124)
at java.base/jdk.internal.reflect.DirectMethodHandleAccessor.invoke(DirectMethodHandleAccessor.java:103)
at java.base/java.lang.reflect.Method.invoke(Method.java:580)
at org.testng.internal.invokers.MethodInvocationHelper.invokeMethod(MethodInvocationHelper.java:141)
at org.testng.internal.invokers.TestInvoker.invokeMethod(TestInvoker.java:687)
at org.testng.internal.invokers.TestInvoker.invokeTestMethod(TestInvoker.java:230)
at org.testng.internal.invokers.MethodRunner.runInSequence(MethodRunner.java:63)
at org.testng.internal.invokers.TestInvoker$MethodInvocationAgent.invoke(TestInvoker.java:995)
at org.testng.internal.invokers.TestInvoker.invokeTestMethods(TestInvoker.java:203)
at org.testng.internal.invokers.TestMethodWorker.invokeTestMethods(TestMethodWorker.java:154)
at org.testng.internal.invokers.TestMethodWorker.run(TestMethodWorker.java:134)
at java.base/java.util.ArrayList.forEach(ArrayList.java:1597)
at org.testng.TestRunner.privateRun(TestRunner.java:741)
at org.testng.TestRunner.run(TestRunner.java:616)
at org.testng.SuiteRunner.runTest(SuiteRunner.java:421)
at org.testng.SuiteRunner$SuiteWorker.run(SuiteRunner.java:463)
at org.testng.internal.thread.ThreadUtil.lambda$execute$0(ThreadUtil.java:64)
at java.base/java.util.concurrent.FutureTask.run(FutureTask.java:317)
at java.base/java.util.concurrent.ThreadPoolExecutor.runWorker(ThreadPoolExecutor.java:1144)
at java.base/java.util.concurrent.ThreadPoolExecutor$Worker.run(ThreadPoolExecutor.java:642)
at java.base/java.lang.Thread.run(Thread.java:1575)
]]>
    </failure>
  </testcase> <!-- myTest -->
  <testcase classname="com.tripgain.hotaltestscripts.TCH_02_VerifySearchFunctionalityForHotelsForTwoDays" name="myTest" time="91.068"/>
  <testcase classname="com.tripgain.hotaltestscripts.TCH_02_VerifySearchFunctionalityForHotelsForTwoDays" name="myTest" time="90.016"/>
  <testcase classname="com.tripgain.hotaltestscripts.TCH_02_VerifySearchFunctionalityForHotelsForTwoDays" name="myTest" time="93.384"/>
  <testcase classname="com.tripgain.hotaltestscripts.TCH_02_VerifySearchFunctionalityForHotelsForTwoDays" name="myTest" time="89.966"/>
  <testcase classname="com.tripgain.hotaltestscripts.TCH_02_VerifySearchFunctionalityForHotelsForTwoDays" name="myTest" time="96.008"/>
  <testcase classname="com.tripgain.hotaltestscripts.TCH_02_VerifySearchFunctionalityForHotelsForTwoDays" name="myTest" time="90.563"/>
  <testcase classname="com.tripgain.hotaltestscripts.TCH_02_VerifySearchFunctionalityForHotelsForTwoDays" name="myTest" time="91.288"/>
</testsuite> <!-- com.tripgain.hotaltestscripts.TCH_02_VerifySearchFunctionalityForHotelsForTwoDays -->
