<?xml version="1.0" encoding="UTF-8"?>
<!-- Generated by org.testng.reporters.JUnitReportReporter -->
<testsuite hostname="DESKTOP-SEE9OFQ" failures="0" tests="1" name="com.tripgain.testscripts.TC_96_BusinessClass_VerifyClearFilterFunctionalityOnResultScreen" time="48.044" errors="0" timestamp="2025-04-18T16:56:00 IST" skipped="0">
  <testcase classname="com.tripgain.testscripts.TC_96_BusinessClass_VerifyClearFilterFunctionalityOnResultScreen" name="myTest" time="48.044"/>
</testsuite> <!-- com.tripgain.testscripts.TC_96_BusinessClass_VerifyClearFilterFunctionalityOnResultScreen -->
