<?xml version="1.0" encoding="UTF-8"?>
<!-- Generated by org.testng.reporters.JUnitReportReporter -->
<testsuite hostname="DESKTOP-SEE9OFQ" failures="0" tests="1" name="com.tripgain.testscripts.TC_100_BusinessClass_VerifyClearData" time="19.051" errors="0" timestamp="2025-04-25T15:33:38 IST" skipped="0">
  <testcase classname="com.tripgain.testscripts.TC_100_BusinessClass_VerifyClearData" name="myTest" time="19.051"/>
</testsuite> <!-- com.tripgain.testscripts.TC_100_BusinessClass_VerifyClearData -->
