<?xml version="1.0" encoding="UTF-8"?>
<!-- Generated by org.testng.reporters.JUnitReportReporter -->
<testsuite hostname="DESKTOP-SEE9OFQ" failures="0" tests="1" name="com.tripgain.testscripts.TC_81_BusinessClass_VerifySearchFlightsForTwoPlusStops" time="65.289" errors="0" timestamp="2025-04-25T16:11:31 IST" skipped="0">
  <testcase classname="com.tripgain.testscripts.TC_81_BusinessClass_VerifySearchFlightsForTwoPlusStops" name="myTest" time="65.289"/>
</testsuite> <!-- com.tripgain.testscripts.TC_81_BusinessClass_VerifySearchFlightsForTwoPlusStops -->
