<?xml version="1.0" encoding="UTF-8"?>
<!-- Generated by org.testng.reporters.JUnitReportReporter -->
<testsuite hostname="DESKTOP-SEE9OFQ" failures="0" tests="1" name="com.tripgain.testscripts.TC_60_BusinessClass_VerifyHorizentalDatePickerIsDisplayedInResultsPage" time="30.722" errors="0" timestamp="2025-04-25T16:11:31 IST" skipped="0">
  <testcase classname="com.tripgain.testscripts.TC_60_BusinessClass_VerifyHorizentalDatePickerIsDisplayedInResultsPage" name="myTest" time="30.722"/>
</testsuite> <!-- com.tripgain.testscripts.TC_60_BusinessClass_VerifyHorizentalDatePickerIsDisplayedInResultsPage -->
